<?xml version="1.0" encoding="UTF-8"?><testsuite errors="0" failures="0" name="com.gorest.crudtest.UserCRUDTestWithSteps" skipped="0" tests="4" time="8.4" timestamp="2023-01-03T21:18:37.162Z[Europe/London]"><testcase classname="com.gorest.crudtest.UserCRUDTestWithSteps" name="This will create new user"/><testcase classname="com.gorest.crudtest.UserCRUDTestWithSteps" name="Verify if the user was added to the application"/><testcase classname="com.gorest.crudtest.UserCRUDTestWithSteps" name="Update the user information and verify the updated information"/><testcase classname="com.gorest.crudtest.UserCRUDTestWithSteps" name="Delete the product and verify if the product is deleted!"/></testsuite>